[
  {
    "level": "INFO",
    "message": "android.ndkVersion from module build.gradle is 21.0.6113669"
  },
  {
    "level": "INFO",
    "message": "ndk.dir in local.properties is not set"
  },
  {
    "level": "INFO",
    "message": "ANDROID_NDK_HOME environment variable is not set"
  },
  {
    "level": "INFO",
    "message": "sdkFolder is E:\\Sdk"
  },
  {
    "level": "INFO",
    "message": "Considering E:\\Sdk\\ndk-bundle in SDK ndk-bundle folder"
  },
  {
    "level": "INFO",
    "message": "Considering E:\\Sdk\\ndk\\21.0.6113669 in SDK ndk folder"
  },
  {
    "level": "INFO",
    "message": "Found requested NDK version 21.0.6113669 at E:\\Sdk\\ndk\\21.0.6113669"
  }
]